<?xml version="1.0" encoding="UTF-8"?>
<!-- Generated by org.testng.reporters.JUnitReportReporter -->
<testsuite skipped="0" hostname="Lenovo-PC" name="com.tsyrulik.dmitry.model.dao.impl.TrainerDAOImplTest" tests="3" failures="0" timestamp="17 мар 2018 10:57:56 GMT" time="0.031" errors="0">
  <testcase name="testDeleteTrainer" time="0.024" classname="com.tsyrulik.dmitry.model.dao.impl.TrainerDAOImplTest"/>
  <testcase name="testUpdateTrainer" time="0.002" classname="com.tsyrulik.dmitry.model.dao.impl.TrainerDAOImplTest"/>
  <testcase name="createExercisesForClientTest" time="0.005" classname="com.tsyrulik.dmitry.model.dao.impl.TrainerDAOImplTest"/>
</testsuite> <!-- com.tsyrulik.dmitry.model.dao.impl.TrainerDAOImplTest -->
