<?xml version="1.0" encoding="UTF-8"?>
<!-- Generated by org.testng.reporters.JUnitReportReporter -->
<testsuite skipped="0" hostname="Lenovo-PC" name="com.tsyrulik.dmitry.model.util.MD5Test" tests="1" failures="0" timestamp="17 мар 2018 10:57:56 GMT" time="0.001" errors="0">
  <testcase name="shouldEncryptString" time="0.001" classname="com.tsyrulik.dmitry.model.util.MD5Test"/>
</testsuite> <!-- com.tsyrulik.dmitry.model.util.MD5Test -->
