<?xml version="1.0" encoding="UTF-8"?>
<!-- Generated by org.testng.reporters.JUnitReportReporter -->
<testsuite skipped="0" hostname="Lenovo-PC" name="com.tsyrulik.dmitry.model.dao.impl.UserDAOImplTest" tests="3" failures="0" timestamp="17 мар 2018 10:57:56 GMT" time="0.007" errors="0">
  <testcase name="findUserByWrongUsernameOrPassword" time="0.002" classname="com.tsyrulik.dmitry.model.dao.impl.UserDAOImplTest"/>
  <testcase name="createUser" time="0.004" classname="com.tsyrulik.dmitry.model.dao.impl.UserDAOImplTest"/>
  <testcase name="updateUserByUser" time="0.001" classname="com.tsyrulik.dmitry.model.dao.impl.UserDAOImplTest"/>
</testsuite> <!-- com.tsyrulik.dmitry.model.dao.impl.UserDAOImplTest -->
