<?xml version="1.0" encoding="UTF-8"?>
<!-- Generated by org.testng.reporters.JUnitReportReporter -->
<testsuite skipped="0" hostname="Lenovo-PC" name="com.tsyrulik.dmitry.model.dao.impl.ClientDAOImplTest" tests="2" failures="0" timestamp="17 мар 2018 10:57:56 GMT" time="1.417" errors="0">
  <testcase name="CreateAndDeleteClientTest" time="1.414" classname="com.tsyrulik.dmitry.model.dao.impl.ClientDAOImplTest"/>
  <testcase name="updateClientTest" time="0.003" classname="com.tsyrulik.dmitry.model.dao.impl.ClientDAOImplTest"/>
</testsuite> <!-- com.tsyrulik.dmitry.model.dao.impl.ClientDAOImplTest -->
